#
# There is insufficient memory for the Java Runtime Environment to continue.
# Native memory allocation (malloc) failed to allocate 1048576 bytes. Error detail: AllocateHeap
# Possible reasons:
#   The system is out of physical RAM or swap space
#   This process is running with CompressedOops enabled, and the Java Heap may be blocking the growth of the native heap
# Possible solutions:
#   Reduce memory load on the system
#   Increase physical memory or swap space
#   Check if swap backing store is full
#   Decrease Java heap size (-Xmx/-Xms)
#   Decrease number of Java threads
#   Decrease Java thread stack sizes (-Xss)
#   Set larger code cache with -XX:ReservedCodeCacheSize=
#   JVM is running with Unscaled Compressed Oops mode in which the Java heap is
#     placed in the first 4GB address space. The Java Heap base address is the
#     maximum limit for the native heap growth. Please use -XX:HeapBaseMinAddress
#     to set the Java Heap base and to place the Java Heap above 4GB virtual address.
# This output file may be truncated or incomplete.
#
#  Out of Memory Error (allocation.cpp:44), pid=1464, tid=21096
#
# JRE version: OpenJDK Runtime Environment Temurin-21.0.8+9 (21.0.8+9) (build 21.0.8+9-LTS)
# Java VM: OpenJDK 64-Bit Server VM Temurin-21.0.8+9 (21.0.8+9-LTS, mixed mode, sharing, tiered, compressed oops, compressed class ptrs, parallel gc, windows-amd64)
# No core dump will be written. Minidumps are not enabled by default on client versions of Windows
#

---------------  S U M M A R Y ------------

Command Line: --add-modules=ALL-SYSTEM --add-opens=java.base/java.util=ALL-UNNAMED --add-opens=java.base/java.lang=ALL-UNNAMED --add-opens=java.base/sun.nio.fs=ALL-UNNAMED -Declipse.application=org.eclipse.jdt.ls.core.id1 -Dosgi.bundles.defaultStartLevel=4 -Declipse.product=org.eclipse.jdt.ls.core.product -Djava.import.generatesMetadataFilesAtProjectRoot=false -DDetectVMInstallationsJob.disabled=true -Dfile.encoding=utf8 -XX:+UseParallelGC -XX:GCTimeRatio=4 -XX:AdaptiveSizePolicyWeight=90 -Dsun.zip.disableMemoryMapping=true -Xmx2G -Xms100m -Xlog:disable -javaagent:c:\Users\nguye\.vscode\extensions\redhat.java-1.47.0-win32-x64\lombok\lombok-1.18.39-4050.jar -XX:+HeapDumpOnOutOfMemoryError -XX:HeapDumpPath=c:\Users\nguye\AppData\Roaming\Code\User\workspaceStorage\1b0d8a01d4826a4ac0d77153b24b0606\redhat.java -Daether.dependencyCollector.impl=bf c:\Users\nguye\.vscode\extensions\redhat.java-1.47.0-win32-x64\server\plugins\org.eclipse.equinox.launcher_1.7.100.v20251014-1222.jar -configuration c:\Users\nguye\AppData\Roaming\Code\User\globalStorage\redhat.java\1.47.0\config_win -data c:\Users\nguye\AppData\Roaming\Code\User\workspaceStorage\1b0d8a01d4826a4ac0d77153b24b0606\redhat.java\jdt_ws --pipe=\\.\pipe\lsp-aabbe69a9cab1685fa9db6d9d7732f3a-sock

Host: AMD Ryzen 5 6600HS Creator Edition             , 12 cores, 15G,  Windows 11 , 64 bit Build 26100 (10.0.26100.5074)
Time: Fri Nov  7 12:12:31 2025 SE Asia Standard Time elapsed time: 3653.062812 seconds (0d 1h 0m 53s)

---------------  T H R E A D  ---------------

Current thread (0x0000023195a06eb0):  JavaThread "Attach Listener" daemon [_thread_in_vm, id=21096, stack(0x00000039d3a00000,0x00000039d3b00000) (1024K)]

Stack: [0x00000039d3a00000,0x00000039d3b00000]
Native frames: (J=compiled Java code, j=interpreted, Vv=VM code, C=native code)
V  [jvm.dll+0x6d2449]
V  [jvm.dll+0x8ae341]
V  [jvm.dll+0x8b08be]
V  [jvm.dll+0x8b0fa3]
V  [jvm.dll+0x280c96]
V  [jvm.dll+0xc0347]
V  [jvm.dll+0x6d2cf9]
V  [jvm.dll+0x131116]
V  [jvm.dll+0x3f2d16]
V  [jvm.dll+0x857e6b]
V  [jvm.dll+0x6d0b0d]
C  [ucrtbase.dll+0x37b0]
C  [KERNEL32.DLL+0x2e8d7]
C  [ntdll.dll+0x8d9c]


---------------  P R O C E S S  ---------------

Threads class SMR info:
_java_thread_list=0x00000231fa60ed90, length=51, elements={
0x000002319595c6d0, 0x00000231ac3fe670, 0x0000023195a01940, 0x0000023195a054a0,
0x0000023195a06eb0, 0x0000023195a09800, 0x0000023195a1a600, 0x00000231ee796380,
0x00000231ee798030, 0x0000023195a1ac90, 0x0000023195a1d3f0, 0x0000023195a1c040,
0x0000023195a1b9b0, 0x0000023195a1b320, 0x0000023195a1c6d0, 0x0000023195a1cd60,
0x00000231f45fd710, 0x00000231f45fa290, 0x00000231f45fb640, 0x00000231f45fc360,
0x00000231f4600b90, 0x00000231f45ff150, 0x00000231f4601220, 0x00000231f4600500,
0x00000231f46018b0, 0x00000231f45fe430, 0x00000231f45feac0, 0x00000231f45ffe70,
0x00000231f72c70c0, 0x00000231f72c7750, 0x00000231f72c8470, 0x00000231f72c6a30,
0x00000231f72c5d10, 0x00000231f72c63a0, 0x00000231f72c5680, 0x00000231f72cabd0,
0x00000231f72cb260, 0x00000231f72cbf80, 0x00000231f72c9190, 0x00000231f72cc610,
0x00000231f72ccca0, 0x00000231f6d0de60, 0x00000231f6d0f8a0, 0x00000231f6d0c420,
0x00000231f6d0d7d0, 0x00000231f6d0e4f0, 0x00000231f45fc9f0, 0x00000231f45fbcd0,
0x00000231f45fd080, 0x00000231f45fdda0, 0x00000231f45fa920
}

Java Threads: ( => current thread )
  0x000002319595c6d0 JavaThread "main"                              [_thread_blocked, id=28332, stack(0x00000039d3300000,0x00000039d3400000) (1024K)]
  0x00000231ac3fe670 JavaThread "Reference Handler"          daemon [_thread_blocked, id=6808, stack(0x00000039d3700000,0x00000039d3800000) (1024K)]
  0x0000023195a01940 JavaThread "Finalizer"                  daemon [_thread_blocked, id=15132, stack(0x00000039d3800000,0x00000039d3900000) (1024K)]
  0x0000023195a054a0 JavaThread "Signal Dispatcher"          daemon [_thread_blocked, id=16436, stack(0x00000039d3900000,0x00000039d3a00000) (1024K)]
=>0x0000023195a06eb0 JavaThread "Attach Listener"            daemon [_thread_in_vm, id=21096, stack(0x00000039d3a00000,0x00000039d3b00000) (1024K)]
  0x0000023195a09800 JavaThread "Service Thread"             daemon [_thread_blocked, id=16648, stack(0x00000039d3b00000,0x00000039d3c00000) (1024K)]
  0x0000023195a1a600 JavaThread "Monitor Deflation Thread"   daemon [_thread_blocked, id=35008, stack(0x00000039d3c00000,0x00000039d3d00000) (1024K)]
  0x00000231ee796380 JavaThread "C2 CompilerThread0"         daemon [_thread_blocked, id=19500, stack(0x00000039d3d00000,0x00000039d3e00000) (1024K)]
  0x00000231ee798030 JavaThread "C1 CompilerThread0"         daemon [_thread_blocked, id=34416, stack(0x00000039d3e00000,0x00000039d3f00000) (1024K)]
  0x0000023195a1ac90 JavaThread "Common-Cleaner"             daemon [_thread_blocked, id=25452, stack(0x00000039d3f00000,0x00000039d4000000) (1024K)]
  0x0000023195a1d3f0 JavaThread "Notification Thread"        daemon [_thread_blocked, id=5612, stack(0x00000039d4100000,0x00000039d4200000) (1024K)]
  0x0000023195a1c040 JavaThread "Active Thread: Equinox Container: 4a89c0c5-5897-43ae-a3fb-569cda600c5b"        [_thread_blocked, id=31252, stack(0x00000039d4900000,0x00000039d4a00000) (1024K)]
  0x0000023195a1b9b0 JavaThread "Refresh Thread: Equinox Container: 4a89c0c5-5897-43ae-a3fb-569cda600c5b" daemon [_thread_blocked, id=22488, stack(0x00000039d4a00000,0x00000039d4b00000) (1024K)]
  0x0000023195a1b320 JavaThread "Framework Event Dispatcher: Equinox Container: 4a89c0c5-5897-43ae-a3fb-569cda600c5b" daemon [_thread_blocked, id=34228, stack(0x00000039d4c00000,0x00000039d4d00000) (1024K)]
  0x0000023195a1c6d0 JavaThread "Start Level: Equinox Container: 4a89c0c5-5897-43ae-a3fb-569cda600c5b" daemon [_thread_blocked, id=31952, stack(0x00000039d4d00000,0x00000039d4e00000) (1024K)]
  0x0000023195a1cd60 JavaThread "Bundle File Closer"         daemon [_thread_blocked, id=35348, stack(0x00000039d5000000,0x00000039d5100000) (1024K)]
  0x00000231f45fd710 JavaThread "SCR Component Actor"        daemon [_thread_blocked, id=14852, stack(0x00000039d5100000,0x00000039d5200000) (1024K)]
  0x00000231f45fa290 JavaThread "Worker-JM"                         [_thread_blocked, id=34040, stack(0x00000039d5200000,0x00000039d5300000) (1024K)]
  0x00000231f45fb640 JavaThread "Java indexing"              daemon [_thread_blocked, id=8776, stack(0x00000039d5500000,0x00000039d5600000) (1024K)]
  0x00000231f45fc360 JavaThread "JNA Cleaner"                daemon [_thread_blocked, id=10708, stack(0x00000039d5600000,0x00000039d5700000) (1024K)]
  0x00000231f4600b90 JavaThread "Thread-1"                   daemon [_thread_in_native, id=30248, stack(0x00000039d5d00000,0x00000039d5e00000) (1024K)]
  0x00000231f45ff150 JavaThread "Thread-2"                   daemon [_thread_in_native, id=26612, stack(0x00000039d5e00000,0x00000039d5f00000) (1024K)]
  0x00000231f4601220 JavaThread "Thread-3"                   daemon [_thread_in_native, id=3032, stack(0x00000039d5f00000,0x00000039d6000000) (1024K)]
  0x00000231f4600500 JavaThread "Thread-4"                   daemon [_thread_in_native, id=4968, stack(0x00000039d6000000,0x00000039d6100000) (1024K)]
  0x00000231f46018b0 JavaThread "Thread-5"                   daemon [_thread_in_native, id=35272, stack(0x00000039d6100000,0x00000039d6200000) (1024K)]
  0x00000231f45fe430 JavaThread "Thread-6"                   daemon [_thread_in_native, id=35060, stack(0x00000039d6200000,0x00000039d6300000) (1024K)]
  0x00000231f45feac0 JavaThread "Thread-7"                   daemon [_thread_in_native, id=28444, stack(0x00000039d6300000,0x00000039d6400000) (1024K)]
  0x00000231f45ffe70 JavaThread "Thread-8"                   daemon [_thread_in_native, id=14344, stack(0x00000039d6400000,0x00000039d6500000) (1024K)]
  0x00000231f72c70c0 JavaThread "Thread-9"                   daemon [_thread_in_native, id=17976, stack(0x00000039d6500000,0x00000039d6600000) (1024K)]
  0x00000231f72c7750 JavaThread "Thread-10"                  daemon [_thread_in_native, id=11640, stack(0x00000039d6600000,0x00000039d6700000) (1024K)]
  0x00000231f72c8470 JavaThread "Thread-11"                  daemon [_thread_in_native, id=4564, stack(0x00000039d6700000,0x00000039d6800000) (1024K)]
  0x00000231f72c6a30 JavaThread "Thread-12"                  daemon [_thread_in_native, id=20164, stack(0x00000039d6800000,0x00000039d6900000) (1024K)]
  0x00000231f72c5d10 JavaThread "Thread-13"                  daemon [_thread_in_native, id=25668, stack(0x00000039d6900000,0x00000039d6a00000) (1024K)]
  0x00000231f72c63a0 JavaThread "pool-2-thread-1"                   [_thread_blocked, id=19864, stack(0x00000039d6a00000,0x00000039d6b00000) (1024K)]
  0x00000231f72c5680 JavaThread "WorkspaceEventsHandler"            [_thread_blocked, id=26548, stack(0x00000039d6b00000,0x00000039d6c00000) (1024K)]
  0x00000231f72cabd0 JavaThread "pool-1-thread-1"                   [_thread_blocked, id=8464, stack(0x00000039d6c00000,0x00000039d6d00000) (1024K)]
  0x00000231f72cb260 JavaThread "Timer-0"                           [_thread_blocked, id=13636, stack(0x00000039d6f00000,0x00000039d7000000) (1024K)]
  0x00000231f72cbf80 JavaThread "Timer-1"                           [_thread_blocked, id=19416, stack(0x00000039d4200000,0x00000039d4300000) (1024K)]
  0x00000231f72c9190 JavaThread "Timer-2"                           [_thread_blocked, id=20324, stack(0x00000039d7000000,0x00000039d7100000) (1024K)]
  0x00000231f72cc610 JavaThread "Timer-3"                           [_thread_blocked, id=19684, stack(0x00000039d7100000,0x00000039d7200000) (1024K)]
  0x00000231f72ccca0 JavaThread "Timer-4"                           [_thread_blocked, id=26104, stack(0x00000039d7200000,0x00000039d7300000) (1024K)]
  0x00000231f6d0de60 JavaThread "Timer-5"                           [_thread_blocked, id=18244, stack(0x00000039d4000000,0x00000039d4100000) (1024K)]
  0x00000231f6d0f8a0 JavaThread "Timer-6"                           [_thread_blocked, id=30420, stack(0x00000039d6e00000,0x00000039d6f00000) (1024K)]
  0x00000231f6d0c420 JavaThread "Timer-7"                           [_thread_blocked, id=3756, stack(0x00000039d7300000,0x00000039d7400000) (1024K)]
  0x00000231f6d0d7d0 JavaThread "Worker-7"                          [_thread_blocked, id=15912, stack(0x00000039d3100000,0x00000039d3200000) (1024K)]
  0x00000231f6d0e4f0 JavaThread "Cleaner-0"                  daemon [_thread_blocked, id=25036, stack(0x00000039d5800000,0x00000039d5900000) (1024K)]
  0x00000231f45fc9f0 JavaThread "Worker-9"                          [_thread_blocked, id=11184, stack(0x00000039d5b00000,0x00000039d5c00000) (1024K)]
  0x00000231f45fbcd0 JavaThread "ForkJoinPool.commonPool-worker-28" daemon [_thread_blocked, id=13600, stack(0x00000039d3000000,0x00000039d3100000) (1024K)]
  0x00000231f45fd080 JavaThread "ForkJoinPool.commonPool-worker-29" daemon [_thread_blocked, id=4940, stack(0x00000039d3200000,0x00000039d3300000) (1024K)]
  0x00000231f45fdda0 JavaThread "ForkJoinPool.commonPool-worker-30" daemon [_thread_blocked, id=13112, stack(0x00000039d5300000,0x00000039d5400000) (1024K)]
  0x00000231f45fa920 JavaThread "ForkJoinPool.commonPool-worker-31" daemon [_thread_blocked, id=32616, stack(0x00000039d5400000,0x00000039d5500000) (1024K)]
Total: 51

Other Threads:
  0x00000231ac3e49c0 VMThread "VM Thread"                           [id=8272, stack(0x00000039d3600000,0x00000039d3700000) (1024K)]
  0x00000231ac2dcb20 WatcherThread "VM Periodic Task Thread"        [id=6816, stack(0x00000039d3500000,0x00000039d3600000) (1024K)]
  0x000002319597aa30 WorkerThread "GC Thread#0"                     [id=10276, stack(0x00000039d3400000,0x00000039d3500000) (1024K)]
  0x00000231ef7baa50 WorkerThread "GC Thread#1"                     [id=10268, stack(0x00000039d4300000,0x00000039d4400000) (1024K)]
  0x00000231efb77c10 WorkerThread "GC Thread#2"                     [id=26176, stack(0x00000039d4400000,0x00000039d4500000) (1024K)]
  0x00000231efb77fb0 WorkerThread "GC Thread#3"                     [id=29180, stack(0x00000039d4500000,0x00000039d4600000) (1024K)]
  0x00000231efb78350 WorkerThread "GC Thread#4"                     [id=27424, stack(0x00000039d4600000,0x00000039d4700000) (1024K)]
  0x00000231efb786f0 WorkerThread "GC Thread#5"                     [id=29816, stack(0x00000039d4700000,0x00000039d4800000) (1024K)]
  0x00000231efc11c10 WorkerThread "GC Thread#6"                     [id=4980, stack(0x00000039d4800000,0x00000039d4900000) (1024K)]
  0x00000231efe0bc60 WorkerThread "GC Thread#7"                     [id=26652, stack(0x00000039d4b00000,0x00000039d4c00000) (1024K)]
  0x00000231f41c7750 WorkerThread "GC Thread#8"                     [id=14912, stack(0x00000039d4e00000,0x00000039d4f00000) (1024K)]
  0x00000231f46594e0 WorkerThread "GC Thread#9"                     [id=27028, stack(0x00000039d4f00000,0x00000039d5000000) (1024K)]
Total: 12

Threads with active compile tasks:
Total: 0

VM state: not at safepoint (normal execution)

VM Mutex/Monitor currently owned by a thread: None

Heap address: 0x0000000080000000, size: 2048 MB, Compressed Oops mode: 32-bit

CDS archive(s) mapped at: [0x00000231ad000000-0x00000231adba0000-0x00000231adba0000), size 12189696, SharedBaseAddress: 0x00000231ad000000, ArchiveRelocationMode: 1.
Compressed class space mapped at: 0x00000231ae000000-0x00000231ee000000, reserved size: 1073741824
Narrow klass base: 0x00000231ad000000, Narrow klass shift: 0, Narrow klass range: 0x100000000

GC Precious Log:
 CardTable entry size: 512
 CPUs: 12 total, 12 available
 Memory: 15556M
 Large Page Support: Disabled
 NUMA Support: Disabled
 Compressed Oops: Enabled (32-bit)
 Alignments: Space 512K, Generation 512K, Heap 2M
 Heap Min Capacity: 100M
 Heap Initial Capacity: 100M
 Heap Max Capacity: 2G
 Pre-touch: Disabled
 Parallel Workers: 10

Heap:
 PSYoungGen      total 5120K, used 2452K [0x00000000d5580000, 0x00000000d5d80000, 0x0000000100000000)
  eden space 4608K, 47% used [0x00000000d5580000,0x00000000d57a51d0,0x00000000d5a00000)
  from space 512K, 50% used [0x00000000d5d00000,0x00000000d5d40000,0x00000000d5d80000)
  to   space 512K, 0% used [0x00000000d5c80000,0x00000000d5c80000,0x00000000d5d00000)
 ParOldGen       total 542720K, used 299093K [0x0000000080000000, 0x00000000a1200000, 0x00000000d5580000)
  object space 542720K, 55% used [0x0000000080000000,0x0000000092415530,0x00000000a1200000)
 Metaspace       used 92734K, committed 94464K, reserved 1179648K
  class space    used 10815K, committed 11584K, reserved 1048576K

Card table byte_map: [0x0000023195320000,0x0000023195730000] _byte_map_base: 0x0000023194f20000

Marking Bits: (ParMarkBitMap*) 0x00007ff88b81a340
 Begin Bits: [0x00000231a7e00000, 0x00000231a9e00000)
 End Bits:   [0x00000231a9e00000, 0x00000231abe00000)

Polling page: 0x0000023193960000

Metaspace:

Usage:
  Non-class:     80.00 MB used.
      Class:     10.56 MB used.
       Both:     90.56 MB used.

Virtual space:
  Non-class space:      128.00 MB reserved,      80.94 MB ( 63%) committed,  2 nodes.
      Class space:        1.00 GB reserved,      11.31 MB (  1%) committed,  1 nodes.
             Both:        1.12 GB reserved,      92.25 MB (  8%) committed. 

Chunk freelists:
   Non-Class:  14.31 MB
       Class:  4.67 MB
        Both:  18.98 MB

MaxMetaspaceSize: unlimited
CompressedClassSpaceSize: 1.00 GB
Initial GC threshold: 21.00 MB
Current GC threshold: 148.38 MB
CDS: on
 - commit_granule_bytes: 65536.
 - commit_granule_words: 8192.
 - virtual_space_node_default_size: 8388608.
 - enlarge_chunks_in_place: 1.
 - use_allocation_guard: 0.


Internal statistics:

num_allocs_failed_limit: 9.
num_arena_births: 1832.
num_arena_deaths: 14.
num_vsnodes_births: 3.
num_vsnodes_deaths: 0.
num_space_committed: 1476.
num_space_uncommitted: 0.
num_chunks_returned_to_freelist: 23.
num_chunks_taken_from_freelist: 6033.
num_chunk_merges: 9.
num_chunk_splits: 3747.
num_chunks_enlarged: 2224.
num_inconsistent_stats: 0.

CodeHeap 'non-profiled nmethods': size=120000Kb used=17239Kb max_used=17239Kb free=102760Kb
 bounds [0x00000231a0620000, 0x00000231a1700000, 0x00000231a7b50000]
CodeHeap 'profiled nmethods': size=120000Kb used=35938Kb max_used=35938Kb free=84061Kb
 bounds [0x0000023198b50000, 0x000002319ae70000, 0x00000231a0080000]
CodeHeap 'non-nmethods': size=5760Kb used=1533Kb max_used=1641Kb free=4226Kb
 bounds [0x00000231a0080000, 0x00000231a02f0000, 0x00000231a0620000]
CodeCache: size=245760Kb, used=54710Kb, max_used=54818Kb, free=191047Kb
 total_blobs=16195, nmethods=15338, adapters=761, full_count=0
Compilation: enabled, stopped_count=0, restarted_count=0

Compilation events (20 events):
Event: 3638.671 Thread 0x00000231ee798030 nmethod 16834 0x000002319ae65c90 code [0x000002319ae65e40, 0x000002319ae66058]
Event: 3638.672 Thread 0x00000231fb0629d0 16833       4       java.util.TimSort::countRunAndMakeAscending (128 bytes)
Event: 3638.672 Thread 0x00000231ee798030 16835       3       org.eclipse.jdt.core.dom.QualifiedName::<init> (6 bytes)
Event: 3638.672 Thread 0x00000231ee798030 nmethod 16835 0x000002319ae66110 code [0x000002319ae662c0, 0x000002319ae664b0]
Event: 3638.679 Thread 0x00000231fb0629d0 nmethod 16833 0x00000231a16ef890 code [0x00000231a16efa60, 0x00000231a16f0030]
Event: 3638.679 Thread 0x00000231fb0629d0 16831       4       org.eclipse.jdt.internal.compiler.lookup.SourceTypeBinding::initializeForStaticImports (59 bytes)
Event: 3638.684 Thread 0x00000231fb0629d0 nmethod 16831 0x00000231a16f0390 code [0x00000231a16f0560, 0x00000231a16f0768]
Event: 3638.684 Thread 0x00000231fb0629d0 16832   !   4       org.eclipse.jdt.internal.compiler.lookup.SourceTypeBinding::getField (319 bytes)
Event: 3638.688 Thread 0x00000231fb0629d0 nmethod 16832 0x00000231a16f0a90 code [0x00000231a16f0c40, 0x00000231a16f0f68]
Event: 3638.688 Thread 0x00000231fb0629d0 16830       4       org.eclipse.jdt.internal.compiler.lookup.SourceTypeBinding::canBeSeenBy (39 bytes)
Event: 3638.691 Thread 0x00000231fb0629d0 nmethod 16830 0x00000231a16f1290 code [0x00000231a16f1440, 0x00000231a16f1640]
Event: 3638.700 Thread 0x00000231ee796380 nmethod 16827 0x00000231a16f1810 code [0x00000231a16f1be0, 0x00000231a16f3538]
Event: 3638.788 Thread 0x00000231ee798030 16836       3       lombok.eclipse.EclipseAST::buildCompilationUnit (40 bytes)
Event: 3638.789 Thread 0x00000231fb0629d0 16837 % !   4       org.eclipse.jdt.internal.compiler.lookup.BinaryTypeBinding::createMethods @ 293 (411 bytes)
Event: 3638.789 Thread 0x00000231ee798030 nmethod 16836 0x000002319ae66590 code [0x000002319ae667c0, 0x000002319ae67128]
Event: 3638.800 Thread 0x00000231fb0629d0 nmethod 16837% 0x00000231a16f4e10 code [0x00000231a16f4fe0, 0x00000231a16f56b8]
Event: 3639.339 Thread 0x00000231ee796380 16838       4       org.eclipse.core.runtime.ListenerList::iterator (12 bytes)
Event: 3639.341 Thread 0x00000231ee796380 nmethod 16838 0x00000231a16f5a90 code [0x00000231a16f5c20, 0x00000231a16f5d28]
Event: 3639.457 Thread 0x00000231ee798030 16839   !   3       com.google.gson.JsonParser::parseReader (73 bytes)
Event: 3639.460 Thread 0x00000231ee798030 nmethod 16839 0x000002319ae67390 code [0x000002319ae67680, 0x000002319ae68468]

GC Heap History (20 events):
Event: 3621.188 GC heap before
{Heap before GC invocations=643 (full 4):
 PSYoungGen      total 5120K, used 4702K [0x00000000d5580000, 0x00000000d5d80000, 0x0000000100000000)
  eden space 2560K, 100% used [0x00000000d5580000,0x00000000d5800000,0x00000000d5800000)
  from space 2560K, 83% used [0x00000000d5b00000,0x00000000d5d17960,0x00000000d5d80000)
  to   space 2560K, 0% used [0x00000000d5880000,0x00000000d5880000,0x00000000d5b00000)
 ParOldGen       total 542720K, used 293263K [0x0000000080000000, 0x00000000a1200000, 0x00000000d5580000)
  object space 542720K, 54% used [0x0000000080000000,0x0000000091e63ce0,0x00000000a1200000)
 Metaspace       used 92706K, committed 94464K, reserved 1179648K
  class space    used 10815K, committed 11584K, reserved 1048576K
}
Event: 3621.194 GC heap after
{Heap after GC invocations=643 (full 4):
 PSYoungGen      total 5632K, used 2496K [0x00000000d5580000, 0x00000000d5e80000, 0x0000000100000000)
  eden space 3072K, 0% used [0x00000000d5580000,0x00000000d5580000,0x00000000d5880000)
  from space 2560K, 97% used [0x00000000d5880000,0x00000000d5af0000,0x00000000d5b00000)
  to   space 3072K, 0% used [0x00000000d5b80000,0x00000000d5b80000,0x00000000d5e80000)
 ParOldGen       total 542720K, used 295269K [0x0000000080000000, 0x00000000a1200000, 0x00000000d5580000)
  object space 542720K, 54% used [0x0000000080000000,0x0000000092059640,0x00000000a1200000)
 Metaspace       used 92706K, committed 94464K, reserved 1179648K
  class space    used 10815K, committed 11584K, reserved 1048576K
}
Event: 3621.204 GC heap before
{Heap before GC invocations=644 (full 4):
 PSYoungGen      total 5632K, used 5568K [0x00000000d5580000, 0x00000000d5e80000, 0x0000000100000000)
  eden space 3072K, 100% used [0x00000000d5580000,0x00000000d5880000,0x00000000d5880000)
  from space 2560K, 97% used [0x00000000d5880000,0x00000000d5af0000,0x00000000d5b00000)
  to   space 3072K, 0% used [0x00000000d5b80000,0x00000000d5b80000,0x00000000d5e80000)
 ParOldGen       total 542720K, used 295269K [0x0000000080000000, 0x00000000a1200000, 0x00000000d5580000)
  object space 542720K, 54% used [0x0000000080000000,0x0000000092059640,0x00000000a1200000)
 Metaspace       used 92708K, committed 94464K, reserved 1179648K
  class space    used 10815K, committed 11584K, reserved 1048576K
}
Event: 3621.209 GC heap after
{Heap after GC invocations=644 (full 4):
 PSYoungGen      total 5120K, used 912K [0x00000000d5580000, 0x00000000d5c80000, 0x0000000100000000)
  eden space 4096K, 0% used [0x00000000d5580000,0x00000000d5580000,0x00000000d5980000)
  from space 1024K, 89% used [0x00000000d5b80000,0x00000000d5c64010,0x00000000d5c80000)
  to   space 1536K, 0% used [0x00000000d5980000,0x00000000d5980000,0x00000000d5b00000)
 ParOldGen       total 542720K, used 297525K [0x0000000080000000, 0x00000000a1200000, 0x00000000d5580000)
  object space 542720K, 54% used [0x0000000080000000,0x000000009228d640,0x00000000a1200000)
 Metaspace       used 92708K, committed 94464K, reserved 1179648K
  class space    used 10815K, committed 11584K, reserved 1048576K
}
Event: 3621.904 GC heap before
{Heap before GC invocations=645 (full 4):
 PSYoungGen      total 5120K, used 5008K [0x00000000d5580000, 0x00000000d5c80000, 0x0000000100000000)
  eden space 4096K, 100% used [0x00000000d5580000,0x00000000d5980000,0x00000000d5980000)
  from space 1024K, 89% used [0x00000000d5b80000,0x00000000d5c64010,0x00000000d5c80000)
  to   space 1536K, 0% used [0x00000000d5980000,0x00000000d5980000,0x00000000d5b00000)
 ParOldGen       total 542720K, used 297525K [0x0000000080000000, 0x00000000a1200000, 0x00000000d5580000)
  object space 542720K, 54% used [0x0000000080000000,0x000000009228d640,0x00000000a1200000)
 Metaspace       used 92712K, committed 94464K, reserved 1179648K
  class space    used 10815K, committed 11584K, reserved 1048576K
}
Event: 3621.908 GC heap after
{Heap after GC invocations=645 (full 4):
 PSYoungGen      total 5632K, used 1534K [0x00000000d5580000, 0x00000000d6080000, 0x0000000100000000)
  eden space 4096K, 0% used [0x00000000d5580000,0x00000000d5580000,0x00000000d5980000)
  from space 1536K, 99% used [0x00000000d5980000,0x00000000d5aff960,0x00000000d5b00000)
  to   space 3072K, 0% used [0x00000000d5d80000,0x00000000d5d80000,0x00000000d6080000)
 ParOldGen       total 542720K, used 298637K [0x0000000080000000, 0x00000000a1200000, 0x00000000d5580000)
  object space 542720K, 55% used [0x0000000080000000,0x00000000923a3640,0x00000000a1200000)
 Metaspace       used 92712K, committed 94464K, reserved 1179648K
  class space    used 10815K, committed 11584K, reserved 1048576K
}
Event: 3621.915 GC heap before
{Heap before GC invocations=646 (full 4):
 PSYoungGen      total 5632K, used 5630K [0x00000000d5580000, 0x00000000d6080000, 0x0000000100000000)
  eden space 4096K, 99% used [0x00000000d5580000,0x00000000d597fff0,0x00000000d5980000)
  from space 1536K, 99% used [0x00000000d5980000,0x00000000d5aff960,0x00000000d5b00000)
  to   space 3072K, 0% used [0x00000000d5d80000,0x00000000d5d80000,0x00000000d6080000)
 ParOldGen       total 542720K, used 298637K [0x0000000080000000, 0x00000000a1200000, 0x00000000d5580000)
  object space 542720K, 55% used [0x0000000080000000,0x00000000923a3640,0x00000000a1200000)
 Metaspace       used 92713K, committed 94464K, reserved 1179648K
  class space    used 10815K, committed 11584K, reserved 1048576K
}
Event: 3621.917 GC heap after
{Heap after GC invocations=646 (full 4):
 PSYoungGen      total 7680K, used 3070K [0x00000000d5580000, 0x00000000d6180000, 0x0000000100000000)
  eden space 4608K, 0% used [0x00000000d5580000,0x00000000d5580000,0x00000000d5a00000)
  from space 3072K, 99% used [0x00000000d5d80000,0x00000000d607f960,0x00000000d6080000)
  to   space 3584K, 0% used [0x00000000d5a00000,0x00000000d5a00000,0x00000000d5d80000)
 ParOldGen       total 542720K, used 298869K [0x0000000080000000, 0x00000000a1200000, 0x00000000d5580000)
  object space 542720K, 55% used [0x0000000080000000,0x00000000923dd530,0x00000000a1200000)
 Metaspace       used 92713K, committed 94464K, reserved 1179648K
  class space    used 10815K, committed 11584K, reserved 1048576K
}
Event: 3621.934 GC heap before
{Heap before GC invocations=647 (full 4):
 PSYoungGen      total 7680K, used 7678K [0x00000000d5580000, 0x00000000d6180000, 0x0000000100000000)
  eden space 4608K, 100% used [0x00000000d5580000,0x00000000d5a00000,0x00000000d5a00000)
  from space 3072K, 99% used [0x00000000d5d80000,0x00000000d607f960,0x00000000d6080000)
  to   space 3584K, 0% used [0x00000000d5a00000,0x00000000d5a00000,0x00000000d5d80000)
 ParOldGen       total 542720K, used 298869K [0x0000000080000000, 0x00000000a1200000, 0x00000000d5580000)
  object space 542720K, 55% used [0x0000000080000000,0x00000000923dd530,0x00000000a1200000)
 Metaspace       used 92715K, committed 94464K, reserved 1179648K
  class space    used 10815K, committed 11584K, reserved 1048576K
}
Event: 3621.935 GC heap after
{Heap after GC invocations=647 (full 4):
 PSYoungGen      total 6144K, used 1248K [0x00000000d5580000, 0x00000000d5f00000, 0x0000000100000000)
  eden space 4608K, 0% used [0x00000000d5580000,0x00000000d5580000,0x00000000d5a00000)
  from space 1536K, 81% used [0x00000000d5a00000,0x00000000d5b38000,0x00000000d5b80000)
  to   space 2048K, 0% used [0x00000000d5d00000,0x00000000d5d00000,0x00000000d5f00000)
 ParOldGen       total 542720K, used 298933K [0x0000000080000000, 0x00000000a1200000, 0x00000000d5580000)
  object space 542720K, 55% used [0x0000000080000000,0x00000000923ed530,0x00000000a1200000)
 Metaspace       used 92715K, committed 94464K, reserved 1179648K
  class space    used 10815K, committed 11584K, reserved 1048576K
}
Event: 3622.361 GC heap before
{Heap before GC invocations=648 (full 4):
 PSYoungGen      total 6144K, used 5768K [0x00000000d5580000, 0x00000000d5f00000, 0x0000000100000000)
  eden space 4608K, 98% used [0x00000000d5580000,0x00000000d59ea288,0x00000000d5a00000)
  from space 1536K, 81% used [0x00000000d5a00000,0x00000000d5b38000,0x00000000d5b80000)
  to   space 2048K, 0% used [0x00000000d5d00000,0x00000000d5d00000,0x00000000d5f00000)
 ParOldGen       total 542720K, used 298933K [0x0000000080000000, 0x00000000a1200000, 0x00000000d5580000)
  object space 542720K, 55% used [0x0000000080000000,0x00000000923ed530,0x00000000a1200000)
 Metaspace       used 92721K, committed 94464K, reserved 1179648K
  class space    used 10815K, committed 11584K, reserved 1048576K
}
Event: 3622.362 GC heap after
{Heap after GC invocations=648 (full 4):
 PSYoungGen      total 5120K, used 320K [0x00000000d5580000, 0x00000000d5d80000, 0x0000000100000000)
  eden space 4608K, 0% used [0x00000000d5580000,0x00000000d5580000,0x00000000d5a00000)
  from space 512K, 62% used [0x00000000d5d00000,0x00000000d5d50000,0x00000000d5d80000)
  to   space 1024K, 0% used [0x00000000d5b80000,0x00000000d5b80000,0x00000000d5c80000)
 ParOldGen       total 542720K, used 298949K [0x0000000080000000, 0x00000000a1200000, 0x00000000d5580000)
  object space 542720K, 55% used [0x0000000080000000,0x00000000923f1530,0x00000000a1200000)
 Metaspace       used 92721K, committed 94464K, reserved 1179648K
  class space    used 10815K, committed 11584K, reserved 1048576K
}
Event: 3622.372 GC heap before
{Heap before GC invocations=649 (full 4):
 PSYoungGen      total 5120K, used 4928K [0x00000000d5580000, 0x00000000d5d80000, 0x0000000100000000)
  eden space 4608K, 100% used [0x00000000d5580000,0x00000000d5a00000,0x00000000d5a00000)
  from space 512K, 62% used [0x00000000d5d00000,0x00000000d5d50000,0x00000000d5d80000)
  to   space 1024K, 0% used [0x00000000d5b80000,0x00000000d5b80000,0x00000000d5c80000)
 ParOldGen       total 542720K, used 298949K [0x0000000080000000, 0x00000000a1200000, 0x00000000d5580000)
  object space 542720K, 55% used [0x0000000080000000,0x00000000923f1530,0x00000000a1200000)
 Metaspace       used 92721K, committed 94464K, reserved 1179648K
  class space    used 10815K, committed 11584K, reserved 1048576K
}
Event: 3622.373 GC heap after
{Heap after GC invocations=649 (full 4):
 PSYoungGen      total 5632K, used 368K [0x00000000d5580000, 0x00000000d5d80000, 0x0000000100000000)
  eden space 4608K, 0% used [0x00000000d5580000,0x00000000d5580000,0x00000000d5a00000)
  from space 1024K, 35% used [0x00000000d5b80000,0x00000000d5bdc010,0x00000000d5c80000)
  to   space 512K, 0% used [0x00000000d5d00000,0x00000000d5d00000,0x00000000d5d80000)
 ParOldGen       total 542720K, used 299021K [0x0000000080000000, 0x00000000a1200000, 0x00000000d5580000)
  object space 542720K, 55% used [0x0000000080000000,0x0000000092403530,0x00000000a1200000)
 Metaspace       used 92721K, committed 94464K, reserved 1179648K
  class space    used 10815K, committed 11584K, reserved 1048576K
}
Event: 3638.337 GC heap before
{Heap before GC invocations=650 (full 4):
 PSYoungGen      total 5632K, used 4976K [0x00000000d5580000, 0x00000000d5d80000, 0x0000000100000000)
  eden space 4608K, 100% used [0x00000000d5580000,0x00000000d5a00000,0x00000000d5a00000)
  from space 1024K, 35% used [0x00000000d5b80000,0x00000000d5bdc010,0x00000000d5c80000)
  to   space 512K, 0% used [0x00000000d5d00000,0x00000000d5d00000,0x00000000d5d80000)
 ParOldGen       total 542720K, used 299021K [0x0000000080000000, 0x00000000a1200000, 0x00000000d5580000)
  object space 542720K, 55% used [0x0000000080000000,0x0000000092403530,0x00000000a1200000)
 Metaspace       used 92729K, committed 94464K, reserved 1179648K
  class space    used 10815K, committed 11584K, reserved 1048576K
}
Event: 3638.339 GC heap after
{Heap after GC invocations=650 (full 4):
 PSYoungGen      total 5120K, used 224K [0x00000000d5580000, 0x00000000d5d80000, 0x0000000100000000)
  eden space 4608K, 0% used [0x00000000d5580000,0x00000000d5580000,0x00000000d5a00000)
  from space 512K, 43% used [0x00000000d5d00000,0x00000000d5d38000,0x00000000d5d80000)
  to   space 512K, 0% used [0x00000000d5c80000,0x00000000d5c80000,0x00000000d5d00000)
 ParOldGen       total 542720K, used 299021K [0x0000000080000000, 0x00000000a1200000, 0x00000000d5580000)
  object space 542720K, 55% used [0x0000000080000000,0x0000000092403530,0x00000000a1200000)
 Metaspace       used 92729K, committed 94464K, reserved 1179648K
  class space    used 10815K, committed 11584K, reserved 1048576K
}
Event: 3638.653 GC heap before
{Heap before GC invocations=651 (full 4):
 PSYoungGen      total 5120K, used 4832K [0x00000000d5580000, 0x00000000d5d80000, 0x0000000100000000)
  eden space 4608K, 100% used [0x00000000d5580000,0x00000000d5a00000,0x00000000d5a00000)
  from space 512K, 43% used [0x00000000d5d00000,0x00000000d5d38000,0x00000000d5d80000)
  to   space 512K, 0% used [0x00000000d5c80000,0x00000000d5c80000,0x00000000d5d00000)
 ParOldGen       total 542720K, used 299021K [0x0000000080000000, 0x00000000a1200000, 0x00000000d5580000)
  object space 542720K, 55% used [0x0000000080000000,0x0000000092403530,0x00000000a1200000)
 Metaspace       used 92732K, committed 94464K, reserved 1179648K
  class space    used 10815K, committed 11584K, reserved 1048576K
}
Event: 3638.655 GC heap after
{Heap after GC invocations=651 (full 4):
 PSYoungGen      total 5120K, used 336K [0x00000000d5580000, 0x00000000d5d80000, 0x0000000100000000)
  eden space 4608K, 0% used [0x00000000d5580000,0x00000000d5580000,0x00000000d5a00000)
  from space 512K, 65% used [0x00000000d5c80000,0x00000000d5cd4010,0x00000000d5d00000)
  to   space 512K, 0% used [0x00000000d5d00000,0x00000000d5d00000,0x00000000d5d80000)
 ParOldGen       total 542720K, used 299077K [0x0000000080000000, 0x00000000a1200000, 0x00000000d5580000)
  object space 542720K, 55% used [0x0000000080000000,0x0000000092411530,0x00000000a1200000)
 Metaspace       used 92732K, committed 94464K, reserved 1179648K
  class space    used 10815K, committed 11584K, reserved 1048576K
}
Event: 3638.786 GC heap before
{Heap before GC invocations=652 (full 4):
 PSYoungGen      total 5120K, used 4944K [0x00000000d5580000, 0x00000000d5d80000, 0x0000000100000000)
  eden space 4608K, 100% used [0x00000000d5580000,0x00000000d5a00000,0x00000000d5a00000)
  from space 512K, 65% used [0x00000000d5c80000,0x00000000d5cd4010,0x00000000d5d00000)
  to   space 512K, 0% used [0x00000000d5d00000,0x00000000d5d00000,0x00000000d5d80000)
 ParOldGen       total 542720K, used 299077K [0x0000000080000000, 0x00000000a1200000, 0x00000000d5580000)
  object space 542720K, 55% used [0x0000000080000000,0x0000000092411530,0x00000000a1200000)
 Metaspace       used 92733K, committed 94464K, reserved 1179648K
  class space    used 10815K, committed 11584K, reserved 1048576K
}
Event: 3638.787 GC heap after
{Heap after GC invocations=652 (full 4):
 PSYoungGen      total 5120K, used 256K [0x00000000d5580000, 0x00000000d5d80000, 0x0000000100000000)
  eden space 4608K, 0% used [0x00000000d5580000,0x00000000d5580000,0x00000000d5a00000)
  from space 512K, 50% used [0x00000000d5d00000,0x00000000d5d40000,0x00000000d5d80000)
  to   space 512K, 0% used [0x00000000d5c80000,0x00000000d5c80000,0x00000000d5d00000)
 ParOldGen       total 542720K, used 299093K [0x0000000080000000, 0x00000000a1200000, 0x00000000d5580000)
  object space 542720K, 55% used [0x0000000080000000,0x0000000092415530,0x00000000a1200000)
 Metaspace       used 92733K, committed 94464K, reserved 1179648K
  class space    used 10815K, committed 11584K, reserved 1048576K
}

Dll operation events (15 events):
Event: 0.016 Loaded shared library c:\Users\nguye\.vscode\extensions\redhat.java-1.47.0-win32-x64\jre\21.0.8-win32-x86_64\bin\java.dll
Event: 0.103 Loaded shared library c:\Users\nguye\.vscode\extensions\redhat.java-1.47.0-win32-x64\jre\21.0.8-win32-x86_64\bin\zip.dll
Event: 0.127 Loaded shared library C:\Users\nguye\.vscode\extensions\redhat.java-1.47.0-win32-x64\jre\21.0.8-win32-x86_64\bin\instrument.dll
Event: 0.134 Loaded shared library C:\Users\nguye\.vscode\extensions\redhat.java-1.47.0-win32-x64\jre\21.0.8-win32-x86_64\bin\net.dll
Event: 0.137 Loaded shared library C:\Users\nguye\.vscode\extensions\redhat.java-1.47.0-win32-x64\jre\21.0.8-win32-x86_64\bin\nio.dll
Event: 0.142 Loaded shared library C:\Users\nguye\.vscode\extensions\redhat.java-1.47.0-win32-x64\jre\21.0.8-win32-x86_64\bin\zip.dll
Event: 0.161 Loaded shared library C:\Users\nguye\.vscode\extensions\redhat.java-1.47.0-win32-x64\jre\21.0.8-win32-x86_64\bin\jimage.dll
Event: 0.239 Loaded shared library c:\Users\nguye\.vscode\extensions\redhat.java-1.47.0-win32-x64\jre\21.0.8-win32-x86_64\bin\verify.dll
Event: 1.564 Loaded shared library C:\Users\nguye\AppData\Roaming\Code\User\globalStorage\redhat.java\1.47.0\config_win\org.eclipse.equinox.launcher\org.eclipse.equinox.launcher.win32.win32.x86_64_1.2.1400.v20250801-0854\eclipse_11916.dll
Event: 2.924 Loaded shared library C:\Users\nguye\.vscode\extensions\redhat.java-1.47.0-win32-x64\jre\21.0.8-win32-x86_64\bin\management.dll
Event: 2.929 Loaded shared library C:\Users\nguye\.vscode\extensions\redhat.java-1.47.0-win32-x64\jre\21.0.8-win32-x86_64\bin\management_ext.dll
Event: 4.323 Loaded shared library C:\Users\nguye\AppData\Local\Temp\jna-104772072\jna1727581161510428994.dll
Event: 4.649 Loaded shared library C:\Users\nguye\.vscode\extensions\redhat.java-1.47.0-win32-x64\jre\21.0.8-win32-x86_64\bin\sunmscapi.dll
Event: 4.843 Loaded shared library C:\Users\nguye\.vscode\extensions\redhat.java-1.47.0-win32-x64\jre\21.0.8-win32-x86_64\bin\extnet.dll
Event: 7.482 Loaded shared library C:\Users\nguye\.gradle\native\1def1411415f61bf3af743bc5b6707747c0891f09f0c88961ee8f79bc544acac\windows-amd64\native-platform.dll

Deoptimization events (20 events):
Event: 3621.932 Thread 0x00000231f45fbcd0 DEOPT PACKING pc=0x00000231a16bf820 sp=0x00000039d30fde90
Event: 3621.932 Thread 0x00000231f45fbcd0 DEOPT UNPACKING pc=0x00000231a00d3aa2 sp=0x00000039d30fdda8 mode 2
Event: 3621.933 Thread 0x00000231f45fbcd0 DEOPT PACKING pc=0x000002319ab273aa sp=0x00000039d30fd930
Event: 3621.934 Thread 0x00000231f45fbcd0 DEOPT UNPACKING pc=0x00000231a00d4242 sp=0x00000039d30fce40 mode 0
Event: 3622.377 Thread 0x00000231f45fbcd0 Uncommon trap: trap_request=0xffffffbe fr.pc=0x00000231a16bf820 relative=0x0000000000000440
Event: 3622.377 Thread 0x00000231f45fbcd0 Uncommon trap: reason=profile_predicate action=maybe_recompile pc=0x00000231a16bf820 method=java.util.TimSort.reverseRange([Ljava/lang/Object;II)V @ 5 c2
Event: 3622.377 Thread 0x00000231f45fbcd0 DEOPT PACKING pc=0x00000231a16bf820 sp=0x00000039d30fde90
Event: 3622.377 Thread 0x00000231f45fbcd0 DEOPT UNPACKING pc=0x00000231a00d3aa2 sp=0x00000039d30fdda8 mode 2
Event: 3638.224 Thread 0x00000231f72cabd0 DEOPT PACKING pc=0x000002319adf6084 sp=0x00000039d6cfe320
Event: 3638.224 Thread 0x00000231f72cabd0 DEOPT UNPACKING pc=0x00000231a00d4242 sp=0x00000039d6cfd878 mode 0
Event: 3638.224 Thread 0x00000231f72cabd0 DEOPT PACKING pc=0x000002319adf6084 sp=0x00000039d6cfe320
Event: 3638.225 Thread 0x00000231f72cabd0 DEOPT UNPACKING pc=0x00000231a00d4242 sp=0x00000039d6cfd878 mode 0
Event: 3638.348 Thread 0x00000231f45fbcd0 DEOPT PACKING pc=0x000002319a5c7367 sp=0x00000039d30fd680
Event: 3638.348 Thread 0x00000231f45fbcd0 DEOPT UNPACKING pc=0x00000231a00d4242 sp=0x00000039d30fcb38 mode 0
Event: 3638.458 Thread 0x00000231f72cabd0 DEOPT PACKING pc=0x000002319adf6084 sp=0x00000039d6cfe320
Event: 3638.458 Thread 0x00000231f72cabd0 DEOPT UNPACKING pc=0x00000231a00d4242 sp=0x00000039d6cfd878 mode 0
Event: 3638.656 Thread 0x00000231f45fbcd0 Uncommon trap: trap_request=0xffffff6e fr.pc=0x00000231a16ec3b4 relative=0x0000000000000e34
Event: 3638.656 Thread 0x00000231f45fbcd0 Uncommon trap: reason=loop_limit_check action=maybe_recompile pc=0x00000231a16ec3b4 method=org.eclipse.jdt.internal.compiler.lookup.BinaryTypeBinding.createMethods([Lorg/eclipse/jdt/internal/compiler/env/IBinaryMethod;Lorg/eclipse/jdt/internal/compiler/en
Event: 3638.656 Thread 0x00000231f45fbcd0 DEOPT PACKING pc=0x00000231a16ec3b4 sp=0x00000039d30fdb40
Event: 3638.656 Thread 0x00000231f45fbcd0 DEOPT UNPACKING pc=0x00000231a00d3aa2 sp=0x00000039d30fdaa8 mode 2

Classes loaded (20 events):
Event: 57.784 Loading class java/util/stream/ReferencePipeline$4$1
Event: 57.784 Loading class java/util/stream/ReferencePipeline$4$1 done
Event: 57.853 Loading class java/util/Hashtable$ValueCollection
Event: 57.854 Loading class java/util/Hashtable$ValueCollection done
Event: 58.996 Loading class java/util/stream/ReduceOps$4
Event: 58.996 Loading class java/util/stream/ReduceOps$4 done
Event: 58.996 Loading class java/util/stream/ReduceOps$4ReducingSink
Event: 58.996 Loading class java/util/stream/ReduceOps$4ReducingSink done
Event: 148.457 Loading class java/util/stream/ReduceOps$5
Event: 148.457 Loading class java/util/stream/ReduceOps$5 done
Event: 148.457 Loading class java/util/stream/ReduceOps$CountingSink$OfRef
Event: 148.457 Loading class java/util/stream/ReduceOps$CountingSink
Event: 148.457 Loading class java/util/stream/ReduceOps$CountingSink done
Event: 148.457 Loading class java/util/stream/ReduceOps$CountingSink$OfRef done
Event: 1851.880 Loading class java/util/concurrent/ConcurrentHashMap$TreeNode
Event: 1851.881 Loading class java/util/concurrent/ConcurrentHashMap$TreeNode done
Event: 1851.881 Loading class java/util/concurrent/ConcurrentHashMap$TreeBin
Event: 1851.882 Loading class java/util/concurrent/ConcurrentHashMap$TreeBin done
Event: 1852.784 Loading class jdk/internal/ref/CleanerImpl$InnocuousThreadFactory
Event: 1852.785 Loading class jdk/internal/ref/CleanerImpl$InnocuousThreadFactory done

Classes unloaded (7 events):
Event: 3.563 Thread 0x00000231ac3e49c0 Unloading class 0x00000231ae1aec00 'java/lang/invoke/LambdaForm$MH+0x00000231ae1aec00'
Event: 3.563 Thread 0x00000231ac3e49c0 Unloading class 0x00000231ae1ae800 'java/lang/invoke/LambdaForm$MH+0x00000231ae1ae800'
Event: 3.563 Thread 0x00000231ac3e49c0 Unloading class 0x00000231ae1ae400 'java/lang/invoke/LambdaForm$MH+0x00000231ae1ae400'
Event: 3.563 Thread 0x00000231ac3e49c0 Unloading class 0x00000231ae1ae000 'java/lang/invoke/LambdaForm$MH+0x00000231ae1ae000'
Event: 3.563 Thread 0x00000231ac3e49c0 Unloading class 0x00000231ae1adc00 'java/lang/invoke/LambdaForm$BMH+0x00000231ae1adc00'
Event: 3.563 Thread 0x00000231ac3e49c0 Unloading class 0x00000231ae1ad800 'java/lang/invoke/LambdaForm$DMH+0x00000231ae1ad800'
Event: 3.563 Thread 0x00000231ac3e49c0 Unloading class 0x00000231ae1ac400 'java/lang/invoke/LambdaForm$DMH+0x00000231ae1ac400'

Classes redefined (0 events):
No events

Internal exceptions (20 events):
Event: 3407.488 Thread 0x00000231f6d13a40 Implicit null exception at 0x0000023198d8b31b to 0x0000023198d8b8d5
Event: 3407.488 Thread 0x00000231f6d13a40 Exception <a 'java/lang/NullPointerException'{0x00000000d55cf760}> (0x00000000d55cf760) 
thrown [s\src\hotspot\share\runtime\sharedRuntime.cpp, line 625]
Event: 3407.488 Thread 0x00000231f6d13a40 Implicit null exception at 0x0000023198d8b31b to 0x0000023198d8b8d5
Event: 3407.488 Thread 0x00000231f6d13a40 Exception <a 'java/lang/NullPointerException'{0x00000000d55d09f0}> (0x00000000d55d09f0) 
thrown [s\src\hotspot\share\runtime\sharedRuntime.cpp, line 625]
Event: 3407.488 Thread 0x00000231f6d13a40 Implicit null exception at 0x0000023198d8b31b to 0x0000023198d8b8d5
Event: 3407.488 Thread 0x00000231f6d13a40 Exception <a 'java/lang/NullPointerException'{0x00000000d55d3360}> (0x00000000d55d3360) 
thrown [s\src\hotspot\share\runtime\sharedRuntime.cpp, line 625]
Event: 3407.488 Thread 0x00000231f6d13a40 Implicit null exception at 0x0000023198d8b31b to 0x0000023198d8b8d5
Event: 3407.488 Thread 0x00000231f6d13a40 Exception <a 'java/lang/NullPointerException'{0x00000000d55d3b20}> (0x00000000d55d3b20) 
thrown [s\src\hotspot\share\runtime\sharedRuntime.cpp, line 625]
Event: 3407.488 Thread 0x00000231f6d13a40 Implicit null exception at 0x0000023198d8b31b to 0x0000023198d8b8d5
Event: 3407.488 Thread 0x00000231f6d13a40 Exception <a 'java/lang/NullPointerException'{0x00000000d55d5f98}> (0x00000000d55d5f98) 
thrown [s\src\hotspot\share\runtime\sharedRuntime.cpp, line 625]
Event: 3407.488 Thread 0x00000231f6d13a40 Implicit null exception at 0x0000023198d8b31b to 0x0000023198d8b8d5
Event: 3407.488 Thread 0x00000231f6d13a40 Exception <a 'java/lang/NullPointerException'{0x00000000d55d6b58}> (0x00000000d55d6b58) 
thrown [s\src\hotspot\share\runtime\sharedRuntime.cpp, line 625]
Event: 3407.488 Thread 0x00000231f6d13a40 Implicit null exception at 0x0000023198d8b31b to 0x0000023198d8b8d5
Event: 3407.488 Thread 0x00000231f6d13a40 Exception <a 'java/lang/NullPointerException'{0x00000000d55d74c8}> (0x00000000d55d74c8) 
thrown [s\src\hotspot\share\runtime\sharedRuntime.cpp, line 625]
Event: 3407.488 Thread 0x00000231f6d13a40 Implicit null exception at 0x0000023198d8b31b to 0x0000023198d8b8d5
Event: 3407.488 Thread 0x00000231f6d13a40 Exception <a 'java/lang/NullPointerException'{0x00000000d55d81b8}> (0x00000000d55d81b8) 
thrown [s\src\hotspot\share\runtime\sharedRuntime.cpp, line 625]
Event: 3407.488 Thread 0x00000231f6d13a40 Implicit null exception at 0x0000023198d8b31b to 0x0000023198d8b8d5
Event: 3407.488 Thread 0x00000231f6d13a40 Exception <a 'java/lang/NullPointerException'{0x00000000d55da088}> (0x00000000d55da088) 
thrown [s\src\hotspot\share\runtime\sharedRuntime.cpp, line 625]
Event: 3573.786 Thread 0x00000231f45fc9f0 Exception <a 'sun/nio/fs/WindowsException'{0x00000000d5680360}> (0x00000000d5680360) 
thrown [s\src\hotspot\share\prims\jni.cpp, line 520]
Event: 3573.786 Thread 0x00000231f45fc9f0 Exception <a 'sun/nio/fs/WindowsException'{0x00000000d5680c40}> (0x00000000d5680c40) 
thrown [s\src\hotspot\share\prims\jni.cpp, line 520]

ZGC Phase Switch (0 events):
No events

VM Operations (20 events):
Event: 3621.204 Executing VM operation: ParallelGCFailedAllocation (Allocation Failure)
Event: 3621.209 Executing VM operation: ParallelGCFailedAllocation (Allocation Failure) done
Event: 3621.904 Executing VM operation: ParallelGCFailedAllocation (Allocation Failure)
Event: 3621.908 Executing VM operation: ParallelGCFailedAllocation (Allocation Failure) done
Event: 3621.915 Executing VM operation: ParallelGCFailedAllocation (Allocation Failure)
Event: 3621.917 Executing VM operation: ParallelGCFailedAllocation (Allocation Failure) done
Event: 3621.934 Executing VM operation: ParallelGCFailedAllocation (Allocation Failure)
Event: 3621.935 Executing VM operation: ParallelGCFailedAllocation (Allocation Failure) done
Event: 3622.361 Executing VM operation: ParallelGCFailedAllocation (Allocation Failure)
Event: 3622.362 Executing VM operation: ParallelGCFailedAllocation (Allocation Failure) done
Event: 3622.372 Executing VM operation: ParallelGCFailedAllocation (Allocation Failure)
Event: 3622.373 Executing VM operation: ParallelGCFailedAllocation (Allocation Failure) done
Event: 3638.337 Executing VM operation: ParallelGCFailedAllocation (Allocation Failure)
Event: 3638.339 Executing VM operation: ParallelGCFailedAllocation (Allocation Failure) done
Event: 3638.653 Executing VM operation: ParallelGCFailedAllocation (Allocation Failure)
Event: 3638.655 Executing VM operation: ParallelGCFailedAllocation (Allocation Failure) done
Event: 3638.786 Executing VM operation: ParallelGCFailedAllocation (Allocation Failure)
Event: 3638.787 Executing VM operation: ParallelGCFailedAllocation (Allocation Failure) done
Event: 3639.798 Executing VM operation: Cleanup
Event: 3639.798 Executing VM operation: Cleanup done

Memory protections (0 events):
No events

Nmethod flushes (20 events):
Event: 1852.625 Thread 0x00000231ac3e49c0 flushing  nmethod 0x0000023199880710
Event: 1852.625 Thread 0x00000231ac3e49c0 flushing  nmethod 0x0000023199881510
Event: 1852.625 Thread 0x00000231ac3e49c0 flushing  nmethod 0x0000023199888f90
Event: 1852.625 Thread 0x00000231ac3e49c0 flushing  nmethod 0x000002319988a510
Event: 1852.625 Thread 0x00000231ac3e49c0 flushing  nmethod 0x0000023199895790
Event: 1852.625 Thread 0x00000231ac3e49c0 flushing  nmethod 0x0000023199898d10
Event: 1852.625 Thread 0x00000231ac3e49c0 flushing  nmethod 0x0000023199899410
Event: 1852.625 Thread 0x00000231ac3e49c0 flushing  nmethod 0x000002319989c610
Event: 1852.625 Thread 0x00000231ac3e49c0 flushing  nmethod 0x00000231998a6d90
Event: 1852.625 Thread 0x00000231ac3e49c0 flushing  nmethod 0x00000231998b4290
Event: 1852.625 Thread 0x00000231ac3e49c0 flushing  nmethod 0x00000231998b5510
Event: 1852.625 Thread 0x00000231ac3e49c0 flushing  nmethod 0x00000231998b5b90
Event: 1852.625 Thread 0x00000231ac3e49c0 flushing  nmethod 0x00000231998b9f90
Event: 1852.625 Thread 0x00000231ac3e49c0 flushing  nmethod 0x00000231998bc290
Event: 1852.625 Thread 0x00000231ac3e49c0 flushing  nmethod 0x00000231998cb090
Event: 1852.625 Thread 0x00000231ac3e49c0 flushing  nmethod 0x00000231998d2010
Event: 1852.625 Thread 0x00000231ac3e49c0 flushing  nmethod 0x00000231998eae10
Event: 1852.625 Thread 0x00000231ac3e49c0 flushing  nmethod 0x00000231998fa290
Event: 1852.625 Thread 0x00000231ac3e49c0 flushing  nmethod 0x000002319990ce10
Event: 1852.625 Thread 0x00000231ac3e49c0 flushing  nmethod 0x000002319991df10

Events (20 events):
Event: 3412.508 Thread 0x00000231fb063e40 Thread exited: 0x00000231fb063e40
Event: 3467.501 Thread 0x00000231f6d13a40 Thread exited: 0x00000231f6d13a40
Event: 3527.502 Thread 0x00000231f45fd080 Thread exited: 0x00000231f45fd080
Event: 3573.783 Thread 0x00000231f45fc9f0 Thread added: 0x00000231f45fbcd0
Event: 3573.784 Thread 0x00000231f45fbcd0 Thread exited: 0x00000231f45fbcd0
Event: 3573.787 Thread 0x00000231f45fc9f0 Thread added: 0x00000231f45fbcd0
Event: 3573.788 Thread 0x00000231f45fbcd0 Thread exited: 0x00000231f45fbcd0
Event: 3587.503 Thread 0x00000231f6d12d20 Thread exited: 0x00000231f6d12d20
Event: 3604.866 Thread 0x00000231f72cabd0 Thread added: 0x00000231f45fbcd0
Event: 3618.755 Thread 0x00000231f45fbcd0 Thread added: 0x00000231f45fd080
Event: 3618.756 Thread 0x00000231f45fbcd0 Thread added: 0x00000231f45fdda0
Event: 3618.774 Thread 0x00000231f45fbcd0 Thread added: 0x00000231f45fa920
Event: 3618.808 Thread 0x00000231ee798030 Thread added: 0x00000231fb0652b0
Event: 3621.159 Thread 0x00000231fb0652b0 Thread exited: 0x00000231fb0652b0
Event: 3621.212 Thread 0x00000231ee798030 Thread added: 0x00000231fb062300
Event: 3621.900 Thread 0x00000231fb062300 Thread exited: 0x00000231fb062300
Event: 3621.942 Thread 0x00000231ee798030 Thread added: 0x00000231fb065980
Event: 3627.383 Thread 0x00000231fb065980 Thread exited: 0x00000231fb065980
Event: 3638.672 Thread 0x00000231ee798030 Thread added: 0x00000231fb0629d0
Event: 3639.339 Thread 0x00000231fb0629d0 Thread exited: 0x00000231fb0629d0


Dynamic libraries:
0x00007ff6c2120000 - 0x00007ff6c212e000 	c:\Users\nguye\.vscode\extensions\redhat.java-1.47.0-win32-x64\jre\21.0.8-win32-x86_64\bin\java.exe
0x00007ff9511e0000 - 0x00007ff951449000 	C:\WINDOWS\SYSTEM32\ntdll.dll
0x00007ff94ff40000 - 0x00007ff950009000 	C:\WINDOWS\System32\KERNEL32.DLL
0x00007ff94e420000 - 0x00007ff94e813000 	C:\WINDOWS\System32\KERNELBASE.dll
0x00007ff94e820000 - 0x00007ff94e96b000 	C:\WINDOWS\System32\ucrtbase.dll
0x00007ff91f650000 - 0x00007ff91f668000 	c:\Users\nguye\.vscode\extensions\redhat.java-1.47.0-win32-x64\jre\21.0.8-win32-x86_64\bin\jli.dll
0x00007ff950dc0000 - 0x00007ff950f84000 	C:\WINDOWS\System32\USER32.dll
0x00007ff94eae0000 - 0x00007ff94eb07000 	C:\WINDOWS\System32\win32u.dll
0x00007ff94fd10000 - 0x00007ff94fd3b000 	C:\WINDOWS\System32\GDI32.dll
0x00007ff94eb10000 - 0x00007ff94ec3d000 	C:\WINDOWS\System32\gdi32full.dll
0x00007ff94e370000 - 0x00007ff94e413000 	C:\WINDOWS\System32\msvcp_win.dll
0x00007ff912040000 - 0x00007ff91205e000 	c:\Users\nguye\.vscode\extensions\redhat.java-1.47.0-win32-x64\jre\21.0.8-win32-x86_64\bin\VCRUNTIME140.dll
0x00007ff936f20000 - 0x00007ff9371b3000 	C:\WINDOWS\WinSxS\amd64_microsoft.windows.common-controls_6595b64144ccf1df_6.0.26100.5074_none_3e0d6f78e32fd63f\COMCTL32.dll
0x00007ff950670000 - 0x00007ff950719000 	C:\WINDOWS\System32\msvcrt.dll
0x00007ff950750000 - 0x00007ff95077f000 	C:\WINDOWS\System32\IMM32.DLL
0x00007ff93bcc0000 - 0x00007ff93bccc000 	c:\Users\nguye\.vscode\extensions\redhat.java-1.47.0-win32-x64\jre\21.0.8-win32-x86_64\bin\vcruntime140_1.dll
0x00007ff8cd300000 - 0x00007ff8cd38d000 	c:\Users\nguye\.vscode\extensions\redhat.java-1.47.0-win32-x64\jre\21.0.8-win32-x86_64\bin\msvcp140.dll
0x00007ff88ab60000 - 0x00007ff88b8f7000 	c:\Users\nguye\.vscode\extensions\redhat.java-1.47.0-win32-x64\jre\21.0.8-win32-x86_64\bin\server\jvm.dll
0x00007ff950790000 - 0x00007ff950844000 	C:\WINDOWS\System32\ADVAPI32.dll
0x00007ff94efb0000 - 0x00007ff94f056000 	C:\WINDOWS\System32\sechost.dll
0x00007ff94f420000 - 0x00007ff94f538000 	C:\WINDOWS\System32\RPCRT4.dll
0x00007ff9510d0000 - 0x00007ff951144000 	C:\WINDOWS\System32\WS2_32.dll
0x00007ff945fa0000 - 0x00007ff945fab000 	C:\WINDOWS\SYSTEM32\VERSION.dll
0x00007ff9458a0000 - 0x00007ff9458d5000 	C:\WINDOWS\SYSTEM32\WINMM.dll
0x00007ff94e1d0000 - 0x00007ff94e22e000 	C:\WINDOWS\SYSTEM32\POWRPROF.dll
0x00007ff94e1b0000 - 0x00007ff94e1c4000 	C:\WINDOWS\SYSTEM32\UMPDC.dll
0x00007ff94d150000 - 0x00007ff94d16b000 	C:\WINDOWS\SYSTEM32\kernel.appcore.dll
0x00007ff93b6d0000 - 0x00007ff93b6da000 	c:\Users\nguye\.vscode\extensions\redhat.java-1.47.0-win32-x64\jre\21.0.8-win32-x86_64\bin\jimage.dll
0x00007ff94b6a0000 - 0x00007ff94b8e2000 	C:\WINDOWS\SYSTEM32\DBGHELP.DLL
0x00007ff950020000 - 0x00007ff95039b000 	C:\WINDOWS\System32\combase.dll
0x00007ff950850000 - 0x00007ff950927000 	C:\WINDOWS\System32\OLEAUT32.dll
0x00007ff930030000 - 0x00007ff93006d000 	C:\WINDOWS\SYSTEM32\dbgcore.DLL
0x00007ff94ee50000 - 0x00007ff94eee9000 	C:\WINDOWS\System32\bcryptPrimitives.dll
0x00007ff938640000 - 0x00007ff93864f000 	c:\Users\nguye\.vscode\extensions\redhat.java-1.47.0-win32-x64\jre\21.0.8-win32-x86_64\bin\instrument.dll
0x00007ff907920000 - 0x00007ff90793f000 	c:\Users\nguye\.vscode\extensions\redhat.java-1.47.0-win32-x64\jre\21.0.8-win32-x86_64\bin\java.dll
0x00007ff94f5c0000 - 0x00007ff94fd0d000 	C:\WINDOWS\System32\SHELL32.dll
0x00007ff94e970000 - 0x00007ff94eadc000 	C:\WINDOWS\System32\wintypes.dll
0x00007ff94bf90000 - 0x00007ff94c7e9000 	C:\WINDOWS\SYSTEM32\windows.storage.dll
0x00007ff94fd40000 - 0x00007ff94fe30000 	C:\WINDOWS\System32\SHCORE.dll
0x00007ff94f070000 - 0x00007ff94f0d2000 	C:\WINDOWS\System32\shlwapi.dll
0x00007ff94e290000 - 0x00007ff94e2b9000 	C:\WINDOWS\SYSTEM32\profapi.dll
0x00007ff906a40000 - 0x00007ff906a58000 	c:\Users\nguye\.vscode\extensions\redhat.java-1.47.0-win32-x64\jre\21.0.8-win32-x86_64\bin\zip.dll
0x00007ff938860000 - 0x00007ff938870000 	C:\Users\nguye\.vscode\extensions\redhat.java-1.47.0-win32-x64\jre\21.0.8-win32-x86_64\bin\net.dll
0x00007ff946090000 - 0x00007ff9461af000 	C:\WINDOWS\SYSTEM32\WINHTTP.dll
0x00007ff94d6d0000 - 0x00007ff94d73b000 	C:\WINDOWS\system32\mswsock.dll
0x00007ff906a20000 - 0x00007ff906a36000 	C:\Users\nguye\.vscode\extensions\redhat.java-1.47.0-win32-x64\jre\21.0.8-win32-x86_64\bin\nio.dll
0x00007ff93cfd0000 - 0x00007ff93cfe0000 	c:\Users\nguye\.vscode\extensions\redhat.java-1.47.0-win32-x64\jre\21.0.8-win32-x86_64\bin\verify.dll
0x00007ff93cf30000 - 0x00007ff93cf74000 	C:\Users\nguye\AppData\Roaming\Code\User\globalStorage\redhat.java\1.47.0\config_win\org.eclipse.equinox.launcher\org.eclipse.equinox.launcher.win32.win32.x86_64_1.2.1400.v20250801-0854\eclipse_11916.dll
0x00007ff9504d0000 - 0x00007ff950668000 	C:\WINDOWS\System32\ole32.dll
0x00007ff93d010000 - 0x00007ff93d01a000 	C:\Users\nguye\.vscode\extensions\redhat.java-1.47.0-win32-x64\jre\21.0.8-win32-x86_64\bin\management.dll
0x00007ff93d000000 - 0x00007ff93d00b000 	C:\Users\nguye\.vscode\extensions\redhat.java-1.47.0-win32-x64\jre\21.0.8-win32-x86_64\bin\management_ext.dll
0x00007ff94f060000 - 0x00007ff94f068000 	C:\WINDOWS\System32\PSAPI.DLL
0x00007ff94d970000 - 0x00007ff94d98b000 	C:\WINDOWS\SYSTEM32\CRYPTSP.dll
0x00007ff94d0b0000 - 0x00007ff94d0eb000 	C:\WINDOWS\system32\rsaenh.dll
0x00007ff94d770000 - 0x00007ff94d79b000 	C:\WINDOWS\SYSTEM32\USERENV.dll
0x00007ff94e260000 - 0x00007ff94e286000 	C:\WINDOWS\SYSTEM32\bcrypt.dll
0x00007ff94d990000 - 0x00007ff94d99c000 	C:\WINDOWS\SYSTEM32\CRYPTBASE.dll
0x00007ff94cbc0000 - 0x00007ff94cbf4000 	C:\WINDOWS\SYSTEM32\IPHLPAPI.DLL
0x00007ff9510c0000 - 0x00007ff9510ca000 	C:\WINDOWS\System32\NSI.dll
0x00007ff901ac0000 - 0x00007ff901b09000 	C:\Users\nguye\AppData\Local\Temp\jna-104772072\jna1727581161510428994.dll
0x00007ff947cc0000 - 0x00007ff947cde000 	C:\WINDOWS\SYSTEM32\dhcpcsvc6.DLL
0x00007ff947c90000 - 0x00007ff947cb3000 	C:\WINDOWS\SYSTEM32\dhcpcsvc.DLL
0x00007ff93cff0000 - 0x00007ff93cffe000 	C:\Users\nguye\.vscode\extensions\redhat.java-1.47.0-win32-x64\jre\21.0.8-win32-x86_64\bin\sunmscapi.dll
0x00007ff94ecd0000 - 0x00007ff94ee47000 	C:\WINDOWS\System32\CRYPT32.dll
0x00007ff94db90000 - 0x00007ff94dbc0000 	C:\WINDOWS\SYSTEM32\ncrypt.dll
0x00007ff94db40000 - 0x00007ff94db7f000 	C:\WINDOWS\SYSTEM32\NTASN1.dll
0x00007ff94cc00000 - 0x00007ff94cd26000 	C:\WINDOWS\SYSTEM32\DNSAPI.dll
0x00007ff945f90000 - 0x00007ff945f9b000 	C:\Windows\System32\rasadhlp.dll
0x00007ff947e40000 - 0x00007ff947ec6000 	C:\WINDOWS\System32\fwpuclnt.dll
0x00007ff93cfe0000 - 0x00007ff93cfe9000 	C:\Users\nguye\.vscode\extensions\redhat.java-1.47.0-win32-x64\jre\21.0.8-win32-x86_64\bin\extnet.dll
0x00007ff8dcdf0000 - 0x00007ff8dce17000 	C:\Users\nguye\.gradle\native\1def1411415f61bf3af743bc5b6707747c0891f09f0c88961ee8f79bc544acac\windows-amd64\native-platform.dll
0x00007ff8ed600000 - 0x00007ff8ed608000 	C:\WINDOWS\system32\wshunix.dll

JVMTI agents:
c:\Users\nguye\.vscode\extensions\redhat.java-1.47.0-win32-x64\lombok\lombok-1.18.39-4050.jar path:c:\Users\nguye\.vscode\extensions\redhat.java-1.47.0-win32-x64\jre\21.0.8-win32-x86_64\bin\instrument.dll, loaded, initialized, instrumentlib options:none

dbghelp: loaded successfully - version: 4.0.5 - missing functions: none
symbol engine: initialized successfully - sym options: 0x614 - pdb path: .;c:\Users\nguye\.vscode\extensions\redhat.java-1.47.0-win32-x64\jre\21.0.8-win32-x86_64\bin;C:\WINDOWS\SYSTEM32;C:\WINDOWS\WinSxS\amd64_microsoft.windows.common-controls_6595b64144ccf1df_6.0.26100.5074_none_3e0d6f78e32fd63f;c:\Users\nguye\.vscode\extensions\redhat.java-1.47.0-win32-x64\jre\21.0.8-win32-x86_64\bin\server;C:\Users\nguye\AppData\Roaming\Code\User\globalStorage\redhat.java\1.47.0\config_win\org.eclipse.equinox.launcher\org.eclipse.equinox.launcher.win32.win32.x86_64_1.2.1400.v20250801-0854;C:\Users\nguye\AppData\Local\Temp\jna-104772072;C:\Users\nguye\.gradle\native\1def1411415f61bf3af743bc5b6707747c0891f09f0c88961ee8f79bc544acac\windows-amd64

VM Arguments:
jvm_args: --add-modules=ALL-SYSTEM --add-opens=java.base/java.util=ALL-UNNAMED --add-opens=java.base/java.lang=ALL-UNNAMED --add-opens=java.base/sun.nio.fs=ALL-UNNAMED -Declipse.application=org.eclipse.jdt.ls.core.id1 -Dosgi.bundles.defaultStartLevel=4 -Declipse.product=org.eclipse.jdt.ls.core.product -Djava.import.generatesMetadataFilesAtProjectRoot=false -DDetectVMInstallationsJob.disabled=true -Dfile.encoding=utf8 -XX:+UseParallelGC -XX:GCTimeRatio=4 -XX:AdaptiveSizePolicyWeight=90 -Dsun.zip.disableMemoryMapping=true -Xmx2G -Xms100m -Xlog:disable -javaagent:c:\Users\nguye\.vscode\extensions\redhat.java-1.47.0-win32-x64\lombok\lombok-1.18.39-4050.jar -XX:+HeapDumpOnOutOfMemoryError -XX:HeapDumpPath=c:\Users\nguye\AppData\Roaming\Code\User\workspaceStorage\1b0d8a01d4826a4ac0d77153b24b0606\redhat.java -Daether.dependencyCollector.impl=bf 
java_command: c:\Users\nguye\.vscode\extensions\redhat.java-1.47.0-win32-x64\server\plugins\org.eclipse.equinox.launcher_1.7.100.v20251014-1222.jar -configuration c:\Users\nguye\AppData\Roaming\Code\User\globalStorage\redhat.java\1.47.0\config_win -data c:\Users\nguye\AppData\Roaming\Code\User\workspaceStorage\1b0d8a01d4826a4ac0d77153b24b0606\redhat.java\jdt_ws --pipe=\\.\pipe\lsp-aabbe69a9cab1685fa9db6d9d7732f3a-sock
java_class_path (initial): c:\Users\nguye\.vscode\extensions\redhat.java-1.47.0-win32-x64\server\plugins\org.eclipse.equinox.launcher_1.7.100.v20251014-1222.jar
Launcher Type: SUN_STANDARD

[Global flags]
    uintx AdaptiveSizePolicyWeight                 = 90                                        {product} {command line}
     intx CICompilerCount                          = 4                                         {product} {ergonomic}
    uintx GCTimeRatio                              = 4                                         {product} {command line}
     bool HeapDumpOnOutOfMemoryError               = true                                   {manageable} {command line}
    ccstr HeapDumpPath                             = c:\Users\nguye\AppData\Roaming\Code\User\workspaceStorage\1b0d8a01d4826a4ac0d77153b24b0606\redhat.java         {manageable} {command line}
   size_t InitialHeapSize                          = 104857600                                 {product} {command line}
   size_t MaxHeapSize                              = 2147483648                                {product} {command line}
   size_t MaxNewSize                               = 715653120                                 {product} {ergonomic}
   size_t MinHeapDeltaBytes                        = 524288                                    {product} {ergonomic}
   size_t MinHeapSize                              = 104857600                                 {product} {command line}
   size_t NewSize                                  = 34603008                                  {product} {ergonomic}
    uintx NonNMethodCodeHeapSize                   = 5839372                                {pd product} {ergonomic}
    uintx NonProfiledCodeHeapSize                  = 122909434                              {pd product} {ergonomic}
   size_t OldSize                                  = 70254592                                  {product} {ergonomic}
    uintx ProfiledCodeHeapSize                     = 122909434                              {pd product} {ergonomic}
    uintx ReservedCodeCacheSize                    = 251658240                              {pd product} {ergonomic}
     bool SegmentedCodeCache                       = true                                      {product} {ergonomic}
   size_t SoftMaxHeapSize                          = 2147483648                             {manageable} {ergonomic}
     bool UseCompressedOops                        = true                           {product lp64_product} {ergonomic}
     bool UseLargePagesIndividualAllocation        = false                                  {pd product} {ergonomic}
     bool UseParallelGC                            = true                                      {product} {command line}

Logging:
Log output configuration:
 #0: stdout all=off uptime,level,tags foldmultilines=false
 #1: stderr all=off uptime,level,tags foldmultilines=false

Environment Variables:
PATH=C:\Program Files\Common Files\Oracle\Java\javapath;C:\Windows\system32;C:\Windows;C:\Windows\System32\Wbem;C:\Windows\System32\WindowsPowerShell\v1.0\;C:\Windows\System32\OpenSSH\;C:\Program Files (x86)\NVIDIA Corporation\PhysX\Common;C:\Program Files\NVIDIA Corporation\NVIDIA NvDLISR;C:\WINDOWS\system32;C:\WINDOWS;C:\WINDOWS\System32\Wbem;C:\WINDOWS\System32\WindowsPowerShell\v1.0\;C:\WINDOWS\System32\OpenSSH\;C:\Program Files\Git\cmd;C:\Program Files (x86)\Microsoft SQL Server\160\Tools\Binn\;C:\Program Files\Microsoft SQL Server\160\Tools\Binn\;C:\Program Files\Microsoft SQL Server\Client SDK\ODBC\170\Tools\Binn\;C:\Program Files\Microsoft SQL Server\160\DTS\Binn\;C:\Program Files (x86)\Microsoft SQL Server\160\DTS\Binn\;C:\Program Files\nodejs\;C:\Program Files\Microsoft SQL Server\150\Tools\Binn\;C:\Program Files\dotnet\;c:\Users\nguye\AppData\Local\Programs\cursor\resources\app\bin;D:\2025\flutter_sdk\flutter\bin;C:\WINDOWS\system32;C:\WINDOWS;C:\WINDOWS\System32\Wbem;C:\WINDOWS\System32\WindowsPowerShell\v1.0\;C:\WINDOWS\System32\OpenSSH\;C:\Program Files\Docker\Docker\resources\bin;C:\Users\nguye\AppData\Local\Microsoft\WindowsApps\python.exe;C:\Users\nguye\AppData\Local\Programs\Python\Launcher\;C:\Program Files\MySQL\MySQL Shell 8.0\bin\;C:\Users\nguye\AppData\Local\Microsoft\WindowsApps;C:\Users\nguye\AppData\Local\Programs\Microsoft VS Code\bin;C:\Program Files\JetBrains\IntelliJ IDEA Community Edition 2024.1.2\bin;;C:\Users\nguye\AppData\Local\GitHubDesktop\bin;C:\Users\nguye\AppData\Roaming\npm;C:\Users\nguye\.dotnet\tools;C:\Users\nguye\AppData\Local\Microsoft\WinGet\Links;D:\2025\flutter_sdk\flutter\bin;C:\Users\nguye\AppData\Local\Programs\cursor\resources\app\bin
USERNAME=nguye
OS=Windows_NT
PROCESSOR_IDENTIFIER=AMD64 Family 25 Model 68 Stepping 1, AuthenticAMD
TMP=C:\Users\nguye\AppData\Local\Temp
TEMP=C:\Users\nguye\AppData\Local\Temp




Periodic native trim disabled

---------------  S Y S T E M  ---------------

OS:
 Windows 11 , 64 bit Build 26100 (10.0.26100.5074)
OS uptime: 2 days 2:20 hours
Hyper-V role detected

CPU: total 12 (initial active 12) (12 cores per cpu, 2 threads per core) family 25 model 68 stepping 1 microcode 0xa404102, cx8, cmov, fxsr, ht, mmx, 3dnowpref, sse, sse2, sse3, ssse3, sse4a, sse4.1, sse4.2, popcnt, lzcnt, tsc, tscinvbit, avx, avx2, aes, erms, clmul, bmi1, bmi2, adx, sha, fma, vzeroupper, clflush, clflushopt, hv, rdtscp, rdpid, fsrm, f16c, cet_ss
Processor Information for processor 0
  Max Mhz: 3301, Current Mhz: 2640, Mhz Limit: 3301
Processor Information for processor 1
  Max Mhz: 3301, Current Mhz: 3301, Mhz Limit: 3301
Processor Information for processor 2
  Max Mhz: 3301, Current Mhz: 3301, Mhz Limit: 3301
Processor Information for processor 3
  Max Mhz: 3301, Current Mhz: 3301, Mhz Limit: 3301
Processor Information for processor 4
  Max Mhz: 3301, Current Mhz: 3301, Mhz Limit: 3301
Processor Information for processor 5
  Max Mhz: 3301, Current Mhz: 2640, Mhz Limit: 3301
Processor Information for processor 6
  Max Mhz: 3301, Current Mhz: 3301, Mhz Limit: 3301
Processor Information for processor 7
  Max Mhz: 3301, Current Mhz: 2640, Mhz Limit: 3301
Processor Information for processor 8
  Max Mhz: 3301, Current Mhz: 2640, Mhz Limit: 3301
Processor Information for processor 9
  Max Mhz: 3301, Current Mhz: 2640, Mhz Limit: 3301
Processor Information for processor 10
  Max Mhz: 3301, Current Mhz: 3301, Mhz Limit: 3301
Processor Information for processor 11
  Max Mhz: 3301, Current Mhz: 2640, Mhz Limit: 3301

Memory: 4k page, system-wide physical 15556M (698M free)
TotalPageFile size 33528M (AvailPageFile size 65M)
current process WorkingSet (physical memory assigned to process): 131M, peak: 971M
current process commit charge ("private bytes"): 940M, peak: 951M

vm_info: OpenJDK 64-Bit Server VM (21.0.8+9-LTS) for windows-amd64 JRE (21.0.8+9-LTS), built on 2025-07-15T00:00:00Z by "admin" with MS VC++ 17.7 (VS2022)

END.
